<?xml version="1.0" encoding="UTF-8"?>
<!-- Generated by org.testng.reporters.JUnitReportReporter -->
<testsuite hostname="LAPTOP-0U9OA61B" failures="0" tests="1" name="orangehrm.ProjOrangehrm" time="27.947" errors="0" timestamp="2023-10-25T10:15:36 IST" skipped="0">
  <testcase classname="orangehrm.ProjOrangehrm" name="Open" time="27.947"/>
  <system-out/>
</testsuite> <!-- orangehrm.ProjOrangehrm -->
